<?xml version="1.0" encoding="UTF-8"?>
<testsuite xmlns:xsi="http://www.w3.org/2001/XMLSchema-instance" xsi:noNamespaceSchemaLocation="https://maven.apache.org/surefire/maven-surefire-plugin/xsd/surefire-test-report.xsd" version="3.0.2" name="com.example.test.TestRunner" time="34.992" tests="4" errors="0" skipped="0" failures="0">
  <properties>
    <property name="java.specification.version" value="17"/>
    <property name="webdriver.chrome.driver" value="/Users/jonavillegas/Desktop/JonaJona/retoTriangulo/src/test/resources/chromedriver"/>
    <property name="sun.jnu.encoding" value="UTF-8"/>
    <property name="java.class.path" value="/Users/jonavillegas/Desktop/JonaJona/retoTriangulo/target/test-classes:/Users/jonavillegas/Desktop/JonaJona/retoTriangulo/target/classes:/Users/jonavillegas/.m2/repository/org/seleniumhq/selenium/selenium-java/4.25.0/selenium-java-4.25.0.jar:/Users/jonavillegas/.m2/repository/org/seleniumhq/selenium/selenium-api/4.25.0/selenium-api-4.25.0.jar:/Users/jonavillegas/.m2/repository/org/jspecify/jspecify/1.0.0/jspecify-1.0.0.jar:/Users/jonavillegas/.m2/repository/org/seleniumhq/selenium/selenium-chrome-driver/4.25.0/selenium-chrome-driver-4.25.0.jar:/Users/jonavillegas/.m2/repository/com/google/auto/service/auto-service-annotations/1.1.1/auto-service-annotations-1.1.1.jar:/Users/jonavillegas/.m2/repository/org/seleniumhq/selenium/selenium-chromium-driver/4.25.0/selenium-chromium-driver-4.25.0.jar:/Users/jonavillegas/.m2/repository/org/seleniumhq/selenium/selenium-json/4.25.0/selenium-json-4.25.0.jar:/Users/jonavillegas/.m2/repository/org/seleniumhq/selenium/selenium-manager/4.25.0/selenium-manager-4.25.0.jar:/Users/jonavillegas/.m2/repository/org/seleniumhq/selenium/selenium-devtools-v127/4.25.0/selenium-devtools-v127-4.25.0.jar:/Users/jonavillegas/.m2/repository/org/seleniumhq/selenium/selenium-devtools-v128/4.25.0/selenium-devtools-v128-4.25.0.jar:/Users/jonavillegas/.m2/repository/org/seleniumhq/selenium/selenium-devtools-v129/4.25.0/selenium-devtools-v129-4.25.0.jar:/Users/jonavillegas/.m2/repository/org/seleniumhq/selenium/selenium-devtools-v85/4.25.0/selenium-devtools-v85-4.25.0.jar:/Users/jonavillegas/.m2/repository/org/seleniumhq/selenium/selenium-edge-driver/4.25.0/selenium-edge-driver-4.25.0.jar:/Users/jonavillegas/.m2/repository/org/seleniumhq/selenium/selenium-firefox-driver/4.25.0/selenium-firefox-driver-4.25.0.jar:/Users/jonavillegas/.m2/repository/org/seleniumhq/selenium/selenium-http/4.25.0/selenium-http-4.25.0.jar:/Users/jonavillegas/.m2/repository/dev/failsafe/failsafe/3.3.2/failsafe-3.3.2.jar:/Users/jonavillegas/.m2/repository/org/seleniumhq/selenium/selenium-ie-driver/4.25.0/selenium-ie-driver-4.25.0.jar:/Users/jonavillegas/.m2/repository/org/seleniumhq/selenium/selenium-remote-driver/4.25.0/selenium-remote-driver-4.25.0.jar:/Users/jonavillegas/.m2/repository/com/google/guava/guava/33.3.0-jre/guava-33.3.0-jre.jar:/Users/jonavillegas/.m2/repository/com/google/guava/failureaccess/1.0.2/failureaccess-1.0.2.jar:/Users/jonavillegas/.m2/repository/com/google/guava/listenablefuture/9999.0-empty-to-avoid-conflict-with-guava/listenablefuture-9999.0-empty-to-avoid-conflict-with-guava.jar:/Users/jonavillegas/.m2/repository/com/google/code/findbugs/jsr305/3.0.2/jsr305-3.0.2.jar:/Users/jonavillegas/.m2/repository/org/checkerframework/checker-qual/3.43.0/checker-qual-3.43.0.jar:/Users/jonavillegas/.m2/repository/com/google/j2objc/j2objc-annotations/3.0.0/j2objc-annotations-3.0.0.jar:/Users/jonavillegas/.m2/repository/io/opentelemetry/semconv/opentelemetry-semconv/1.25.0-alpha/opentelemetry-semconv-1.25.0-alpha.jar:/Users/jonavillegas/.m2/repository/io/opentelemetry/opentelemetry-api/1.42.1/opentelemetry-api-1.42.1.jar:/Users/jonavillegas/.m2/repository/io/opentelemetry/opentelemetry-context/1.42.1/opentelemetry-context-1.42.1.jar:/Users/jonavillegas/.m2/repository/io/opentelemetry/opentelemetry-exporter-logging/1.42.1/opentelemetry-exporter-logging-1.42.1.jar:/Users/jonavillegas/.m2/repository/io/opentelemetry/opentelemetry-sdk-common/1.42.1/opentelemetry-sdk-common-1.42.1.jar:/Users/jonavillegas/.m2/repository/io/opentelemetry/opentelemetry-sdk-extension-autoconfigure-spi/1.42.1/opentelemetry-sdk-extension-autoconfigure-spi-1.42.1.jar:/Users/jonavillegas/.m2/repository/io/opentelemetry/opentelemetry-sdk-extension-autoconfigure/1.42.1/opentelemetry-sdk-extension-autoconfigure-1.42.1.jar:/Users/jonavillegas/.m2/repository/io/opentelemetry/opentelemetry-api-incubator/1.42.1-alpha/opentelemetry-api-incubator-1.42.1-alpha.jar:/Users/jonavillegas/.m2/repository/io/opentelemetry/opentelemetry-sdk-trace/1.42.1/opentelemetry-sdk-trace-1.42.1.jar:/Users/jonavillegas/.m2/repository/io/opentelemetry/opentelemetry-sdk/1.42.1/opentelemetry-sdk-1.42.1.jar:/Users/jonavillegas/.m2/repository/io/opentelemetry/opentelemetry-sdk-metrics/1.42.1/opentelemetry-sdk-metrics-1.42.1.jar:/Users/jonavillegas/.m2/repository/io/opentelemetry/opentelemetry-sdk-logs/1.42.1/opentelemetry-sdk-logs-1.42.1.jar:/Users/jonavillegas/.m2/repository/net/bytebuddy/byte-buddy/1.15.1/byte-buddy-1.15.1.jar:/Users/jonavillegas/.m2/repository/org/seleniumhq/selenium/selenium-os/4.25.0/selenium-os-4.25.0.jar:/Users/jonavillegas/.m2/repository/org/apache/commons/commons-exec/1.4.0/commons-exec-1.4.0.jar:/Users/jonavillegas/.m2/repository/org/seleniumhq/selenium/selenium-safari-driver/4.25.0/selenium-safari-driver-4.25.0.jar:/Users/jonavillegas/.m2/repository/org/seleniumhq/selenium/selenium-support/4.25.0/selenium-support-4.25.0.jar:/Users/jonavillegas/.m2/repository/io/qameta/allure/allure-junit5/2.29.0/allure-junit5-2.29.0.jar:/Users/jonavillegas/.m2/repository/io/qameta/allure/allure-junit-platform/2.29.0/allure-junit-platform-2.29.0.jar:/Users/jonavillegas/.m2/repository/io/qameta/allure/allure-java-commons/2.29.0/allure-java-commons-2.29.0.jar:/Users/jonavillegas/.m2/repository/io/qameta/allure/allure-model/2.29.0/allure-model-2.29.0.jar:/Users/jonavillegas/.m2/repository/org/junit/platform/junit-platform-launcher/1.10.3/junit-platform-launcher-1.10.3.jar:/Users/jonavillegas/.m2/repository/io/qameta/allure/allure-test-filter/2.29.0/allure-test-filter-2.29.0.jar:/Users/jonavillegas/.m2/repository/org/aspectj/aspectjweaver/1.9.22.1/aspectjweaver-1.9.22.1.jar:/Users/jonavillegas/.m2/repository/net/serenity-bdd/serenity-core/4.2.8/serenity-core-4.2.8.jar:/Users/jonavillegas/.m2/repository/net/serenity-bdd/serenity-model/4.2.8/serenity-model-4.2.8.jar:/Users/jonavillegas/.m2/repository/org/apache/commons/commons-text/1.12.0/commons-text-1.12.0.jar:/Users/jonavillegas/.m2/repository/commons-net/commons-net/3.11.1/commons-net-3.11.1.jar:/Users/jonavillegas/.m2/repository/org/jsoup/jsoup/1.15.4/jsoup-1.15.4.jar:/Users/jonavillegas/.m2/repository/com/thoughtworks/xstream/xstream/1.4.21/xstream-1.4.21.jar:/Users/jonavillegas/.m2/repository/io/github/x-stream/mxparser/1.2.2/mxparser-1.2.2.jar:/Users/jonavillegas/.m2/repository/xmlpull/xmlpull/1.1.3.1/xmlpull-1.1.3.1.jar:/Users/jonavillegas/.m2/repository/com/opencsv/opencsv/5.9/opencsv-5.9.jar:/Users/jonavillegas/.m2/repository/commons-beanutils/commons-beanutils/1.9.4/commons-beanutils-1.9.4.jar:/Users/jonavillegas/.m2/repository/commons-collections/commons-collections/3.2.2/commons-collections-3.2.2.jar:/Users/jonavillegas/.m2/repository/org/apache/commons/commons-collections4/4.4/commons-collections4-4.4.jar:/Users/jonavillegas/.m2/repository/com/typesafe/config/1.4.3/config-1.4.3.jar:/Users/jonavillegas/.m2/repository/org/imgscalr/imgscalr-lib/4.2/imgscalr-lib-4.2.jar:/Users/jonavillegas/.m2/repository/org/awaitility/awaitility/4.2.2/awaitility-4.2.2.jar:/Users/jonavillegas/.m2/repository/org/freemarker/freemarker/2.3.33/freemarker-2.3.33.jar:/Users/jonavillegas/.m2/repository/io/github/classgraph/classgraph/4.8.157/classgraph-4.8.157.jar:/Users/jonavillegas/.m2/repository/com/github/ben-manes/caffeine/caffeine/2.9.2/caffeine-2.9.2.jar:/Users/jonavillegas/.m2/repository/org/ehcache/ehcache/3.10.8/ehcache-3.10.8.jar:/Users/jonavillegas/.m2/repository/javax/cache/cache-api/1.1.0/cache-api-1.1.0.jar:/Users/jonavillegas/.m2/repository/net/sourceforge/jexcelapi/jxl/2.6.12/jxl-2.6.12.jar:/Users/jonavillegas/.m2/repository/net/bytebuddy/byte-buddy-agent/1.15.2/byte-buddy-agent-1.15.2.jar:/Users/jonavillegas/.m2/repository/org/objenesis/objenesis/3.4/objenesis-3.4.jar:/Users/jonavillegas/.m2/repository/com/vladsch/flexmark/flexmark-all/0.64.8/flexmark-all-0.64.8.jar:/Users/jonavillegas/.m2/repository/com/vladsch/flexmark/flexmark/0.64.8/flexmark-0.64.8.jar:/Users/jonavillegas/.m2/repository/com/vladsch/flexmark/flexmark-ext-abbreviation/0.64.8/flexmark-ext-abbreviation-0.64.8.jar:/Users/jonavillegas/.m2/repository/com/vladsch/flexmark/flexmark-ext-admonition/0.64.8/flexmark-ext-admonition-0.64.8.jar:/Users/jonavillegas/.m2/repository/com/vladsch/flexmark/flexmark-ext-anchorlink/0.64.8/flexmark-ext-anchorlink-0.64.8.jar:/Users/jonavillegas/.m2/repository/com/vladsch/flexmark/flexmark-ext-aside/0.64.8/flexmark-ext-aside-0.64.8.jar:/Users/jonavillegas/.m2/repository/com/vladsch/flexmark/flexmark-ext-attributes/0.64.8/flexmark-ext-attributes-0.64.8.jar:/Users/jonavillegas/.m2/repository/com/vladsch/flexmark/flexmark-ext-autolink/0.64.8/flexmark-ext-autolink-0.64.8.jar:/Users/jonavillegas/.m2/repository/org/nibor/autolink/autolink/0.6.0/autolink-0.6.0.jar:/Users/jonavillegas/.m2/repository/com/vladsch/flexmark/flexmark-ext-definition/0.64.8/flexmark-ext-definition-0.64.8.jar:/Users/jonavillegas/.m2/repository/com/vladsch/flexmark/flexmark-ext-emoji/0.64.8/flexmark-ext-emoji-0.64.8.jar:/Users/jonavillegas/.m2/repository/com/vladsch/flexmark/flexmark-ext-enumerated-reference/0.64.8/flexmark-ext-enumerated-reference-0.64.8.jar:/Users/jonavillegas/.m2/repository/com/vladsch/flexmark/flexmark-ext-escaped-character/0.64.8/flexmark-ext-escaped-character-0.64.8.jar:/Users/jonavillegas/.m2/repository/com/vladsch/flexmark/flexmark-ext-footnotes/0.64.8/flexmark-ext-footnotes-0.64.8.jar:/Users/jonavillegas/.m2/repository/com/vladsch/flexmark/flexmark-ext-gfm-issues/0.64.8/flexmark-ext-gfm-issues-0.64.8.jar:/Users/jonavillegas/.m2/repository/com/vladsch/flexmark/flexmark-ext-gfm-strikethrough/0.64.8/flexmark-ext-gfm-strikethrough-0.64.8.jar:/Users/jonavillegas/.m2/repository/com/vladsch/flexmark/flexmark-ext-gfm-tasklist/0.64.8/flexmark-ext-gfm-tasklist-0.64.8.jar:/Users/jonavillegas/.m2/repository/com/vladsch/flexmark/flexmark-ext-gfm-users/0.64.8/flexmark-ext-gfm-users-0.64.8.jar:/Users/jonavillegas/.m2/repository/com/vladsch/flexmark/flexmark-ext-gitlab/0.64.8/flexmark-ext-gitlab-0.64.8.jar:/Users/jonavillegas/.m2/repository/com/vladsch/flexmark/flexmark-ext-jekyll-front-matter/0.64.8/flexmark-ext-jekyll-front-matter-0.64.8.jar:/Users/jonavillegas/.m2/repository/com/vladsch/flexmark/flexmark-ext-jekyll-tag/0.64.8/flexmark-ext-jekyll-tag-0.64.8.jar:/Users/jonavillegas/.m2/repository/com/vladsch/flexmark/flexmark-ext-media-tags/0.64.8/flexmark-ext-media-tags-0.64.8.jar:/Users/jonavillegas/.m2/repository/com/vladsch/flexmark/flexmark-ext-macros/0.64.8/flexmark-ext-macros-0.64.8.jar:/Users/jonavillegas/.m2/repository/com/vladsch/flexmark/flexmark-ext-ins/0.64.8/flexmark-ext-ins-0.64.8.jar:/Users/jonavillegas/.m2/repository/com/vladsch/flexmark/flexmark-ext-xwiki-macros/0.64.8/flexmark-ext-xwiki-macros-0.64.8.jar:/Users/jonavillegas/.m2/repository/com/vladsch/flexmark/flexmark-ext-superscript/0.64.8/flexmark-ext-superscript-0.64.8.jar:/Users/jonavillegas/.m2/repository/com/vladsch/flexmark/flexmark-ext-toc/0.64.8/flexmark-ext-toc-0.64.8.jar:/Users/jonavillegas/.m2/repository/com/vladsch/flexmark/flexmark-ext-typographic/0.64.8/flexmark-ext-typographic-0.64.8.jar:/Users/jonavillegas/.m2/repository/com/vladsch/flexmark/flexmark-ext-wikilink/0.64.8/flexmark-ext-wikilink-0.64.8.jar:/Users/jonavillegas/.m2/repository/com/vladsch/flexmark/flexmark-ext-yaml-front-matter/0.64.8/flexmark-ext-yaml-front-matter-0.64.8.jar:/Users/jonavillegas/.m2/repository/com/vladsch/flexmark/flexmark-ext-youtube-embedded/0.64.8/flexmark-ext-youtube-embedded-0.64.8.jar:/Users/jonavillegas/.m2/repository/com/vladsch/flexmark/flexmark-html2md-converter/0.64.8/flexmark-html2md-converter-0.64.8.jar:/Users/jonavillegas/.m2/repository/com/vladsch/flexmark/flexmark-jira-converter/0.64.8/flexmark-jira-converter-0.64.8.jar:/Users/jonavillegas/.m2/repository/com/vladsch/flexmark/flexmark-pdf-converter/0.64.8/flexmark-pdf-converter-0.64.8.jar:/Users/jonavillegas/.m2/repository/com/openhtmltopdf/openhtmltopdf-core/1.0.10/openhtmltopdf-core-1.0.10.jar:/Users/jonavillegas/.m2/repository/com/openhtmltopdf/openhtmltopdf-pdfbox/1.0.10/openhtmltopdf-pdfbox-1.0.10.jar:/Users/jonavillegas/.m2/repository/org/apache/pdfbox/xmpbox/2.0.24/xmpbox-2.0.24.jar:/Users/jonavillegas/.m2/repository/de/rototor/pdfbox/graphics2d/0.32/graphics2d-0.32.jar:/Users/jonavillegas/.m2/repository/com/openhtmltopdf/openhtmltopdf-rtl-support/1.0.10/openhtmltopdf-rtl-support-1.0.10.jar:/Users/jonavillegas/.m2/repository/com/vladsch/flexmark/flexmark-profile-pegdown/0.64.8/flexmark-profile-pegdown-0.64.8.jar:/Users/jonavillegas/.m2/repository/com/vladsch/flexmark/flexmark-util-ast/0.64.8/flexmark-util-ast-0.64.8.jar:/Users/jonavillegas/.m2/repository/org/jetbrains/annotations/24.0.1/annotations-24.0.1.jar:/Users/jonavillegas/.m2/repository/com/vladsch/flexmark/flexmark-util-builder/0.64.8/flexmark-util-builder-0.64.8.jar:/Users/jonavillegas/.m2/repository/com/vladsch/flexmark/flexmark-util-collection/0.64.8/flexmark-util-collection-0.64.8.jar:/Users/jonavillegas/.m2/repository/com/vladsch/flexmark/flexmark-util-data/0.64.8/flexmark-util-data-0.64.8.jar:/Users/jonavillegas/.m2/repository/com/vladsch/flexmark/flexmark-util-dependency/0.64.8/flexmark-util-dependency-0.64.8.jar:/Users/jonavillegas/.m2/repository/com/vladsch/flexmark/flexmark-util-format/0.64.8/flexmark-util-format-0.64.8.jar:/Users/jonavillegas/.m2/repository/com/vladsch/flexmark/flexmark-util-html/0.64.8/flexmark-util-html-0.64.8.jar:/Users/jonavillegas/.m2/repository/com/vladsch/flexmark/flexmark-util-misc/0.64.8/flexmark-util-misc-0.64.8.jar:/Users/jonavillegas/.m2/repository/com/vladsch/flexmark/flexmark-util-options/0.64.8/flexmark-util-options-0.64.8.jar:/Users/jonavillegas/.m2/repository/com/vladsch/flexmark/flexmark-util-sequence/0.64.8/flexmark-util-sequence-0.64.8.jar:/Users/jonavillegas/.m2/repository/com/vladsch/flexmark/flexmark-util-visitor/0.64.8/flexmark-util-visitor-0.64.8.jar:/Users/jonavillegas/.m2/repository/com/vladsch/flexmark/flexmark-youtrack-converter/0.64.8/flexmark-youtrack-converter-0.64.8.jar:/Users/jonavillegas/.m2/repository/com/vladsch/flexmark/flexmark-ext-resizable-image/0.64.8/flexmark-ext-resizable-image-0.64.8.jar:/Users/jonavillegas/.m2/repository/com/vladsch/flexmark/flexmark-ext-tables/0.64.8/flexmark-ext-tables-0.64.8.jar:/Users/jonavillegas/.m2/repository/com/vladsch/flexmark/flexmark-util/0.64.8/flexmark-util-0.64.8.jar:/Users/jonavillegas/.m2/repository/net/serenity-bdd/serenity-reports/4.2.8/serenity-reports-4.2.8.jar:/Users/jonavillegas/.m2/repository/net/serenity-bdd/serenity-stats/4.2.8/serenity-stats-4.2.8.jar:/Users/jonavillegas/.m2/repository/org/jetbrains/kotlin/kotlin-stdlib/2.0.21/kotlin-stdlib-2.0.21.jar:/Users/jonavillegas/.m2/repository/net/serenity-bdd/serenity-reports-configuration/4.2.8/serenity-reports-configuration-4.2.8.jar:/Users/jonavillegas/.m2/repository/com/ibm/icu/icu4j/72.1/icu4j-72.1.jar:/Users/jonavillegas/.m2/repository/es/nitaur/markdown/txtmark/0.16/txtmark-0.16.jar:/Users/jonavillegas/.m2/repository/net/serenity-bdd/serenity-report-resources/4.2.8/serenity-report-resources-4.2.8.jar:/Users/jonavillegas/.m2/repository/com/google/code/gson/gson/2.11.0/gson-2.11.0.jar:/Users/jonavillegas/.m2/repository/com/google/errorprone/error_prone_annotations/2.27.0/error_prone_annotations-2.27.0.jar:/Users/jonavillegas/.m2/repository/com/fasterxml/jackson/core/jackson-core/2.18.1/jackson-core-2.18.1.jar:/Users/jonavillegas/.m2/repository/com/fasterxml/jackson/core/jackson-databind/2.18.1/jackson-databind-2.18.1.jar:/Users/jonavillegas/.m2/repository/com/fasterxml/jackson/core/jackson-annotations/2.18.1/jackson-annotations-2.18.1.jar:/Users/jonavillegas/.m2/repository/commons-codec/commons-codec/1.17.1/commons-codec-1.17.1.jar:/Users/jonavillegas/.m2/repository/commons-io/commons-io/2.17.0/commons-io-2.17.0.jar:/Users/jonavillegas/.m2/repository/org/apache/httpcomponents/httpclient/4.5.13/httpclient-4.5.13.jar:/Users/jonavillegas/.m2/repository/org/apache/httpcomponents/httpcore/4.4.13/httpcore-4.4.13.jar:/Users/jonavillegas/.m2/repository/commons-logging/commons-logging/1.2/commons-logging-1.2.jar:/Users/jonavillegas/.m2/repository/org/htmlunit/htmlunit/4.5.0/htmlunit-4.5.0.jar:/Users/jonavillegas/.m2/repository/org/apache/httpcomponents/httpmime/4.5.14/httpmime-4.5.14.jar:/Users/jonavillegas/.m2/repository/org/htmlunit/htmlunit-core-js/4.5.0/htmlunit-core-js-4.5.0.jar:/Users/jonavillegas/.m2/repository/org/htmlunit/neko-htmlunit/4.5.0/neko-htmlunit-4.5.0.jar:/Users/jonavillegas/.m2/repository/org/htmlunit/htmlunit-cssparser/4.5.0/htmlunit-cssparser-4.5.0.jar:/Users/jonavillegas/.m2/repository/org/htmlunit/htmlunit-xpath/4.5.0/htmlunit-xpath-4.5.0.jar:/Users/jonavillegas/.m2/repository/org/htmlunit/htmlunit-csp/4.5.0/htmlunit-csp-4.5.0.jar:/Users/jonavillegas/.m2/repository/org/htmlunit/htmlunit-websocket-client/4.5.0/htmlunit-websocket-client-4.5.0.jar:/Users/jonavillegas/.m2/repository/org/brotli/dec/0.1.2/dec-0.1.2.jar:/Users/jonavillegas/.m2/repository/org/seleniumhq/selenium/htmlunit3-driver/4.25.0/htmlunit3-driver-4.25.0.jar:/Users/jonavillegas/.m2/repository/io/appium/java-client/9.3.0/java-client-9.3.0.jar:/Users/jonavillegas/.m2/repository/org/apache/groovy/groovy/4.0.23/groovy-4.0.23.jar:/Users/jonavillegas/.m2/repository/net/sf/opencsv/opencsv/2.3/opencsv-2.3.jar:/Users/jonavillegas/.m2/repository/org/apache/commons/commons-lang3/3.17.0/commons-lang3-3.17.0.jar:/Users/jonavillegas/.m2/repository/org/apache/commons/commons-compress/1.27.1/commons-compress-1.27.1.jar:/Users/jonavillegas/.m2/repository/org/fluentlenium/fluentlenium-core/0.10.2/fluentlenium-core-0.10.2.jar:/Users/jonavillegas/.m2/repository/com/jhlabs/filters/2.0.235/filters-2.0.235.jar:/Users/jonavillegas/.m2/repository/com/paulhammant/ngwebdriver/1.2/ngwebdriver-1.2.jar:/Users/jonavillegas/.m2/repository/joda-time/joda-time/2.13.0/joda-time-2.13.0.jar:/Users/jonavillegas/.m2/repository/org/hamcrest/hamcrest/2.2/hamcrest-2.2.jar:/Users/jonavillegas/.m2/repository/com/google/jimfs/jimfs/1.3.0/jimfs-1.3.0.jar:/Users/jonavillegas/.m2/repository/org/mockito/mockito-core/3.3.3/mockito-core-3.3.3.jar:/Users/jonavillegas/.m2/repository/javax/xml/bind/jaxb-api/2.3.1/jaxb-api-2.3.1.jar:/Users/jonavillegas/.m2/repository/javax/activation/javax.activation-api/1.2.0/javax.activation-api-1.2.0.jar:/Users/jonavillegas/.m2/repository/com/sun/xml/bind/jaxb-core/2.3.0.1/jaxb-core-2.3.0.1.jar:/Users/jonavillegas/.m2/repository/com/sun/xml/bind/jaxb-impl/2.3.3/jaxb-impl-2.3.3.jar:/Users/jonavillegas/.m2/repository/com/sun/activation/jakarta.activation/1.2.2/jakarta.activation-1.2.2.jar:/Users/jonavillegas/.m2/repository/javax/activation/activation/1.1.1/activation-1.1.1.jar:/Users/jonavillegas/.m2/repository/net/serenity-bdd/serenity-cucumber/4.2.3/serenity-cucumber-4.2.3.jar:/Users/jonavillegas/.m2/repository/net/serenity-bdd/serenity-screenplay/4.2.3/serenity-screenplay-4.2.3.jar:/Users/jonavillegas/.m2/repository/net/serenity-bdd/serenity-screenplay-webdriver/4.2.3/serenity-screenplay-webdriver-4.2.3.jar:/Users/jonavillegas/.m2/repository/io/cucumber/cucumber-core/7.19.0/cucumber-core-7.19.0.jar:/Users/jonavillegas/.m2/repository/io/cucumber/cucumber-gherkin/7.19.0/cucumber-gherkin-7.19.0.jar:/Users/jonavillegas/.m2/repository/io/cucumber/cucumber-gherkin-messages/7.19.0/cucumber-gherkin-messages-7.19.0.jar:/Users/jonavillegas/.m2/repository/io/cucumber/gherkin/28.0.0/gherkin-28.0.0.jar:/Users/jonavillegas/.m2/repository/io/cucumber/messages/24.1.0/messages-24.1.0.jar:/Users/jonavillegas/.m2/repository/io/cucumber/testng-xml-formatter/0.2.0/testng-xml-formatter-0.2.0.jar:/Users/jonavillegas/.m2/repository/io/cucumber/query/12.2.0/query-12.2.0.jar:/Users/jonavillegas/.m2/repository/io/cucumber/tag-expressions/6.1.0/tag-expressions-6.1.0.jar:/Users/jonavillegas/.m2/repository/io/cucumber/cucumber-expressions/17.1.0/cucumber-expressions-17.1.0.jar:/Users/jonavillegas/.m2/repository/io/cucumber/datatable/7.19.0/datatable-7.19.0.jar:/Users/jonavillegas/.m2/repository/io/cucumber/cucumber-plugin/7.19.0/cucumber-plugin-7.19.0.jar:/Users/jonavillegas/.m2/repository/io/cucumber/docstring/7.19.0/docstring-7.19.0.jar:/Users/jonavillegas/.m2/repository/io/cucumber/html-formatter/21.7.0/html-formatter-21.7.0.jar:/Users/jonavillegas/.m2/repository/io/cucumber/junit-xml-formatter/0.5.0/junit-xml-formatter-0.5.0.jar:/Users/jonavillegas/.m2/repository/io/cucumber/ci-environment/10.0.1/ci-environment-10.0.1.jar:/Users/jonavillegas/.m2/repository/io/cucumber/cucumber-junit/7.19.0/cucumber-junit-7.19.0.jar:/Users/jonavillegas/.m2/repository/org/apache/commons/commons-csv/1.5/commons-csv-1.5.jar:/Users/jonavillegas/.m2/repository/io/cucumber/cucumber-java/6.10.4/cucumber-java-6.10.4.jar:/Users/jonavillegas/.m2/repository/org/apiguardian/apiguardian-api/1.1.1/apiguardian-api-1.1.1.jar:/Users/jonavillegas/.m2/repository/net/serenity-bdd/serenity-junit/4.2.8/serenity-junit-4.2.8.jar:/Users/jonavillegas/.m2/repository/junit/junit/4.13.2/junit-4.13.2.jar:/Users/jonavillegas/.m2/repository/jakarta/xml/bind/jakarta.xml.bind-api/4.0.0/jakarta.xml.bind-api-4.0.0.jar:/Users/jonavillegas/.m2/repository/jakarta/activation/jakarta.activation-api/2.1.0/jakarta.activation-api-2.1.0.jar:/Users/jonavillegas/.m2/repository/org/junit/jupiter/junit-jupiter-api/5.11.3/junit-jupiter-api-5.11.3.jar:/Users/jonavillegas/.m2/repository/org/opentest4j/opentest4j/1.3.0/opentest4j-1.3.0.jar:/Users/jonavillegas/.m2/repository/org/junit/platform/junit-platform-commons/1.11.3/junit-platform-commons-1.11.3.jar:/Users/jonavillegas/.m2/repository/net/sourceforge/tess4j/tess4j/5.4.0/tess4j-5.4.0.jar:/Users/jonavillegas/.m2/repository/net/java/dev/jna/jna/5.12.1/jna-5.12.1.jar:/Users/jonavillegas/.m2/repository/com/github/jai-imageio/jai-imageio-core/1.4.0/jai-imageio-core-1.4.0.jar:/Users/jonavillegas/.m2/repository/org/apache/pdfbox/pdfbox/2.0.26/pdfbox-2.0.26.jar:/Users/jonavillegas/.m2/repository/org/apache/pdfbox/fontbox/2.0.26/fontbox-2.0.26.jar:/Users/jonavillegas/.m2/repository/org/apache/pdfbox/pdfbox-tools/2.0.26/pdfbox-tools-2.0.26.jar:/Users/jonavillegas/.m2/repository/org/apache/pdfbox/pdfbox-debugger/2.0.26/pdfbox-debugger-2.0.26.jar:/Users/jonavillegas/.m2/repository/org/apache/pdfbox/jbig2-imageio/3.0.4/jbig2-imageio-3.0.4.jar:/Users/jonavillegas/.m2/repository/net/sourceforge/lept4j/lept4j/1.16.2/lept4j-1.16.2.jar:/Users/jonavillegas/.m2/repository/org/jboss/jboss-vfs/3.2.17.Final/jboss-vfs-3.2.17.Final.jar:/Users/jonavillegas/.m2/repository/org/jboss/logging/jboss-logging/3.1.4.GA/jboss-logging-3.1.4.GA.jar:/Users/jonavillegas/.m2/repository/org/slf4j/slf4j-api/1.7.36/slf4j-api-1.7.36.jar:/Users/jonavillegas/.m2/repository/org/junit/jupiter/junit-jupiter-engine/5.11.3/junit-jupiter-engine-5.11.3.jar:/Users/jonavillegas/.m2/repository/org/junit/platform/junit-platform-engine/1.11.3/junit-platform-engine-1.11.3.jar:/Users/jonavillegas/.m2/repository/org/junit/vintage/junit-vintage-engine/5.11.3/junit-vintage-engine-5.11.3.jar:/Users/jonavillegas/.m2/repository/org/slf4j/slf4j-simple/2.0.16/slf4j-simple-2.0.16.jar:"/>
    <property name="java.vm.vendor" value="Oracle Corporation"/>
    <property name="sun.arch.data.model" value="64"/>
    <property name="jna.library.path" value="/opt/homebrew/lib"/>
    <property name="sun.font.fontmanager" value="sun.font.CFontManager"/>
    <property name="java.vendor.url" value="https://java.oracle.com/"/>
    <property name="user.timezone" value="America/Lima"/>
    <property name="os.name" value="Mac OS X"/>
    <property name="java.vm.specification.version" value="17"/>
    <property name="sun.java.launcher" value="SUN_STANDARD"/>
    <property name="user.country" value="PE"/>
    <property name="sun.boot.library.path" value="/Library/Java/JavaVirtualMachines/jdk-17.jdk/Contents/Home/lib"/>
    <property name="sun.java.command" value="/Users/jonavillegas/Desktop/JonaJona/retoTriangulo/target/surefire/surefirebooter-20250515175924562_3.jar /Users/jonavillegas/Desktop/JonaJona/retoTriangulo/target/surefire 2025-05-15T17-59-24_530-jvmRun1 surefire-20250515175924562_1tmp surefire_0-20250515175924562_2tmp"/>
    <property name="http.nonProxyHosts" value="local|*.local|169.254/16|*.169.254/16"/>
    <property name="jdk.debug" value="release"/>
    <property name="surefire.test.class.path" value="/Users/jonavillegas/Desktop/JonaJona/retoTriangulo/target/test-classes:/Users/jonavillegas/Desktop/JonaJona/retoTriangulo/target/classes:/Users/jonavillegas/.m2/repository/org/seleniumhq/selenium/selenium-java/4.25.0/selenium-java-4.25.0.jar:/Users/jonavillegas/.m2/repository/org/seleniumhq/selenium/selenium-api/4.25.0/selenium-api-4.25.0.jar:/Users/jonavillegas/.m2/repository/org/jspecify/jspecify/1.0.0/jspecify-1.0.0.jar:/Users/jonavillegas/.m2/repository/org/seleniumhq/selenium/selenium-chrome-driver/4.25.0/selenium-chrome-driver-4.25.0.jar:/Users/jonavillegas/.m2/repository/com/google/auto/service/auto-service-annotations/1.1.1/auto-service-annotations-1.1.1.jar:/Users/jonavillegas/.m2/repository/org/seleniumhq/selenium/selenium-chromium-driver/4.25.0/selenium-chromium-driver-4.25.0.jar:/Users/jonavillegas/.m2/repository/org/seleniumhq/selenium/selenium-json/4.25.0/selenium-json-4.25.0.jar:/Users/jonavillegas/.m2/repository/org/seleniumhq/selenium/selenium-manager/4.25.0/selenium-manager-4.25.0.jar:/Users/jonavillegas/.m2/repository/org/seleniumhq/selenium/selenium-devtools-v127/4.25.0/selenium-devtools-v127-4.25.0.jar:/Users/jonavillegas/.m2/repository/org/seleniumhq/selenium/selenium-devtools-v128/4.25.0/selenium-devtools-v128-4.25.0.jar:/Users/jonavillegas/.m2/repository/org/seleniumhq/selenium/selenium-devtools-v129/4.25.0/selenium-devtools-v129-4.25.0.jar:/Users/jonavillegas/.m2/repository/org/seleniumhq/selenium/selenium-devtools-v85/4.25.0/selenium-devtools-v85-4.25.0.jar:/Users/jonavillegas/.m2/repository/org/seleniumhq/selenium/selenium-edge-driver/4.25.0/selenium-edge-driver-4.25.0.jar:/Users/jonavillegas/.m2/repository/org/seleniumhq/selenium/selenium-firefox-driver/4.25.0/selenium-firefox-driver-4.25.0.jar:/Users/jonavillegas/.m2/repository/org/seleniumhq/selenium/selenium-http/4.25.0/selenium-http-4.25.0.jar:/Users/jonavillegas/.m2/repository/dev/failsafe/failsafe/3.3.2/failsafe-3.3.2.jar:/Users/jonavillegas/.m2/repository/org/seleniumhq/selenium/selenium-ie-driver/4.25.0/selenium-ie-driver-4.25.0.jar:/Users/jonavillegas/.m2/repository/org/seleniumhq/selenium/selenium-remote-driver/4.25.0/selenium-remote-driver-4.25.0.jar:/Users/jonavillegas/.m2/repository/com/google/guava/guava/33.3.0-jre/guava-33.3.0-jre.jar:/Users/jonavillegas/.m2/repository/com/google/guava/failureaccess/1.0.2/failureaccess-1.0.2.jar:/Users/jonavillegas/.m2/repository/com/google/guava/listenablefuture/9999.0-empty-to-avoid-conflict-with-guava/listenablefuture-9999.0-empty-to-avoid-conflict-with-guava.jar:/Users/jonavillegas/.m2/repository/com/google/code/findbugs/jsr305/3.0.2/jsr305-3.0.2.jar:/Users/jonavillegas/.m2/repository/org/checkerframework/checker-qual/3.43.0/checker-qual-3.43.0.jar:/Users/jonavillegas/.m2/repository/com/google/j2objc/j2objc-annotations/3.0.0/j2objc-annotations-3.0.0.jar:/Users/jonavillegas/.m2/repository/io/opentelemetry/semconv/opentelemetry-semconv/1.25.0-alpha/opentelemetry-semconv-1.25.0-alpha.jar:/Users/jonavillegas/.m2/repository/io/opentelemetry/opentelemetry-api/1.42.1/opentelemetry-api-1.42.1.jar:/Users/jonavillegas/.m2/repository/io/opentelemetry/opentelemetry-context/1.42.1/opentelemetry-context-1.42.1.jar:/Users/jonavillegas/.m2/repository/io/opentelemetry/opentelemetry-exporter-logging/1.42.1/opentelemetry-exporter-logging-1.42.1.jar:/Users/jonavillegas/.m2/repository/io/opentelemetry/opentelemetry-sdk-common/1.42.1/opentelemetry-sdk-common-1.42.1.jar:/Users/jonavillegas/.m2/repository/io/opentelemetry/opentelemetry-sdk-extension-autoconfigure-spi/1.42.1/opentelemetry-sdk-extension-autoconfigure-spi-1.42.1.jar:/Users/jonavillegas/.m2/repository/io/opentelemetry/opentelemetry-sdk-extension-autoconfigure/1.42.1/opentelemetry-sdk-extension-autoconfigure-1.42.1.jar:/Users/jonavillegas/.m2/repository/io/opentelemetry/opentelemetry-api-incubator/1.42.1-alpha/opentelemetry-api-incubator-1.42.1-alpha.jar:/Users/jonavillegas/.m2/repository/io/opentelemetry/opentelemetry-sdk-trace/1.42.1/opentelemetry-sdk-trace-1.42.1.jar:/Users/jonavillegas/.m2/repository/io/opentelemetry/opentelemetry-sdk/1.42.1/opentelemetry-sdk-1.42.1.jar:/Users/jonavillegas/.m2/repository/io/opentelemetry/opentelemetry-sdk-metrics/1.42.1/opentelemetry-sdk-metrics-1.42.1.jar:/Users/jonavillegas/.m2/repository/io/opentelemetry/opentelemetry-sdk-logs/1.42.1/opentelemetry-sdk-logs-1.42.1.jar:/Users/jonavillegas/.m2/repository/net/bytebuddy/byte-buddy/1.15.1/byte-buddy-1.15.1.jar:/Users/jonavillegas/.m2/repository/org/seleniumhq/selenium/selenium-os/4.25.0/selenium-os-4.25.0.jar:/Users/jonavillegas/.m2/repository/org/apache/commons/commons-exec/1.4.0/commons-exec-1.4.0.jar:/Users/jonavillegas/.m2/repository/org/seleniumhq/selenium/selenium-safari-driver/4.25.0/selenium-safari-driver-4.25.0.jar:/Users/jonavillegas/.m2/repository/org/seleniumhq/selenium/selenium-support/4.25.0/selenium-support-4.25.0.jar:/Users/jonavillegas/.m2/repository/io/qameta/allure/allure-junit5/2.29.0/allure-junit5-2.29.0.jar:/Users/jonavillegas/.m2/repository/io/qameta/allure/allure-junit-platform/2.29.0/allure-junit-platform-2.29.0.jar:/Users/jonavillegas/.m2/repository/io/qameta/allure/allure-java-commons/2.29.0/allure-java-commons-2.29.0.jar:/Users/jonavillegas/.m2/repository/io/qameta/allure/allure-model/2.29.0/allure-model-2.29.0.jar:/Users/jonavillegas/.m2/repository/org/junit/platform/junit-platform-launcher/1.10.3/junit-platform-launcher-1.10.3.jar:/Users/jonavillegas/.m2/repository/io/qameta/allure/allure-test-filter/2.29.0/allure-test-filter-2.29.0.jar:/Users/jonavillegas/.m2/repository/org/aspectj/aspectjweaver/1.9.22.1/aspectjweaver-1.9.22.1.jar:/Users/jonavillegas/.m2/repository/net/serenity-bdd/serenity-core/4.2.8/serenity-core-4.2.8.jar:/Users/jonavillegas/.m2/repository/net/serenity-bdd/serenity-model/4.2.8/serenity-model-4.2.8.jar:/Users/jonavillegas/.m2/repository/org/apache/commons/commons-text/1.12.0/commons-text-1.12.0.jar:/Users/jonavillegas/.m2/repository/commons-net/commons-net/3.11.1/commons-net-3.11.1.jar:/Users/jonavillegas/.m2/repository/org/jsoup/jsoup/1.15.4/jsoup-1.15.4.jar:/Users/jonavillegas/.m2/repository/com/thoughtworks/xstream/xstream/1.4.21/xstream-1.4.21.jar:/Users/jonavillegas/.m2/repository/io/github/x-stream/mxparser/1.2.2/mxparser-1.2.2.jar:/Users/jonavillegas/.m2/repository/xmlpull/xmlpull/1.1.3.1/xmlpull-1.1.3.1.jar:/Users/jonavillegas/.m2/repository/com/opencsv/opencsv/5.9/opencsv-5.9.jar:/Users/jonavillegas/.m2/repository/commons-beanutils/commons-beanutils/1.9.4/commons-beanutils-1.9.4.jar:/Users/jonavillegas/.m2/repository/commons-collections/commons-collections/3.2.2/commons-collections-3.2.2.jar:/Users/jonavillegas/.m2/repository/org/apache/commons/commons-collections4/4.4/commons-collections4-4.4.jar:/Users/jonavillegas/.m2/repository/com/typesafe/config/1.4.3/config-1.4.3.jar:/Users/jonavillegas/.m2/repository/org/imgscalr/imgscalr-lib/4.2/imgscalr-lib-4.2.jar:/Users/jonavillegas/.m2/repository/org/awaitility/awaitility/4.2.2/awaitility-4.2.2.jar:/Users/jonavillegas/.m2/repository/org/freemarker/freemarker/2.3.33/freemarker-2.3.33.jar:/Users/jonavillegas/.m2/repository/io/github/classgraph/classgraph/4.8.157/classgraph-4.8.157.jar:/Users/jonavillegas/.m2/repository/com/github/ben-manes/caffeine/caffeine/2.9.2/caffeine-2.9.2.jar:/Users/jonavillegas/.m2/repository/org/ehcache/ehcache/3.10.8/ehcache-3.10.8.jar:/Users/jonavillegas/.m2/repository/javax/cache/cache-api/1.1.0/cache-api-1.1.0.jar:/Users/jonavillegas/.m2/repository/net/sourceforge/jexcelapi/jxl/2.6.12/jxl-2.6.12.jar:/Users/jonavillegas/.m2/repository/net/bytebuddy/byte-buddy-agent/1.15.2/byte-buddy-agent-1.15.2.jar:/Users/jonavillegas/.m2/repository/org/objenesis/objenesis/3.4/objenesis-3.4.jar:/Users/jonavillegas/.m2/repository/com/vladsch/flexmark/flexmark-all/0.64.8/flexmark-all-0.64.8.jar:/Users/jonavillegas/.m2/repository/com/vladsch/flexmark/flexmark/0.64.8/flexmark-0.64.8.jar:/Users/jonavillegas/.m2/repository/com/vladsch/flexmark/flexmark-ext-abbreviation/0.64.8/flexmark-ext-abbreviation-0.64.8.jar:/Users/jonavillegas/.m2/repository/com/vladsch/flexmark/flexmark-ext-admonition/0.64.8/flexmark-ext-admonition-0.64.8.jar:/Users/jonavillegas/.m2/repository/com/vladsch/flexmark/flexmark-ext-anchorlink/0.64.8/flexmark-ext-anchorlink-0.64.8.jar:/Users/jonavillegas/.m2/repository/com/vladsch/flexmark/flexmark-ext-aside/0.64.8/flexmark-ext-aside-0.64.8.jar:/Users/jonavillegas/.m2/repository/com/vladsch/flexmark/flexmark-ext-attributes/0.64.8/flexmark-ext-attributes-0.64.8.jar:/Users/jonavillegas/.m2/repository/com/vladsch/flexmark/flexmark-ext-autolink/0.64.8/flexmark-ext-autolink-0.64.8.jar:/Users/jonavillegas/.m2/repository/org/nibor/autolink/autolink/0.6.0/autolink-0.6.0.jar:/Users/jonavillegas/.m2/repository/com/vladsch/flexmark/flexmark-ext-definition/0.64.8/flexmark-ext-definition-0.64.8.jar:/Users/jonavillegas/.m2/repository/com/vladsch/flexmark/flexmark-ext-emoji/0.64.8/flexmark-ext-emoji-0.64.8.jar:/Users/jonavillegas/.m2/repository/com/vladsch/flexmark/flexmark-ext-enumerated-reference/0.64.8/flexmark-ext-enumerated-reference-0.64.8.jar:/Users/jonavillegas/.m2/repository/com/vladsch/flexmark/flexmark-ext-escaped-character/0.64.8/flexmark-ext-escaped-character-0.64.8.jar:/Users/jonavillegas/.m2/repository/com/vladsch/flexmark/flexmark-ext-footnotes/0.64.8/flexmark-ext-footnotes-0.64.8.jar:/Users/jonavillegas/.m2/repository/com/vladsch/flexmark/flexmark-ext-gfm-issues/0.64.8/flexmark-ext-gfm-issues-0.64.8.jar:/Users/jonavillegas/.m2/repository/com/vladsch/flexmark/flexmark-ext-gfm-strikethrough/0.64.8/flexmark-ext-gfm-strikethrough-0.64.8.jar:/Users/jonavillegas/.m2/repository/com/vladsch/flexmark/flexmark-ext-gfm-tasklist/0.64.8/flexmark-ext-gfm-tasklist-0.64.8.jar:/Users/jonavillegas/.m2/repository/com/vladsch/flexmark/flexmark-ext-gfm-users/0.64.8/flexmark-ext-gfm-users-0.64.8.jar:/Users/jonavillegas/.m2/repository/com/vladsch/flexmark/flexmark-ext-gitlab/0.64.8/flexmark-ext-gitlab-0.64.8.jar:/Users/jonavillegas/.m2/repository/com/vladsch/flexmark/flexmark-ext-jekyll-front-matter/0.64.8/flexmark-ext-jekyll-front-matter-0.64.8.jar:/Users/jonavillegas/.m2/repository/com/vladsch/flexmark/flexmark-ext-jekyll-tag/0.64.8/flexmark-ext-jekyll-tag-0.64.8.jar:/Users/jonavillegas/.m2/repository/com/vladsch/flexmark/flexmark-ext-media-tags/0.64.8/flexmark-ext-media-tags-0.64.8.jar:/Users/jonavillegas/.m2/repository/com/vladsch/flexmark/flexmark-ext-macros/0.64.8/flexmark-ext-macros-0.64.8.jar:/Users/jonavillegas/.m2/repository/com/vladsch/flexmark/flexmark-ext-ins/0.64.8/flexmark-ext-ins-0.64.8.jar:/Users/jonavillegas/.m2/repository/com/vladsch/flexmark/flexmark-ext-xwiki-macros/0.64.8/flexmark-ext-xwiki-macros-0.64.8.jar:/Users/jonavillegas/.m2/repository/com/vladsch/flexmark/flexmark-ext-superscript/0.64.8/flexmark-ext-superscript-0.64.8.jar:/Users/jonavillegas/.m2/repository/com/vladsch/flexmark/flexmark-ext-toc/0.64.8/flexmark-ext-toc-0.64.8.jar:/Users/jonavillegas/.m2/repository/com/vladsch/flexmark/flexmark-ext-typographic/0.64.8/flexmark-ext-typographic-0.64.8.jar:/Users/jonavillegas/.m2/repository/com/vladsch/flexmark/flexmark-ext-wikilink/0.64.8/flexmark-ext-wikilink-0.64.8.jar:/Users/jonavillegas/.m2/repository/com/vladsch/flexmark/flexmark-ext-yaml-front-matter/0.64.8/flexmark-ext-yaml-front-matter-0.64.8.jar:/Users/jonavillegas/.m2/repository/com/vladsch/flexmark/flexmark-ext-youtube-embedded/0.64.8/flexmark-ext-youtube-embedded-0.64.8.jar:/Users/jonavillegas/.m2/repository/com/vladsch/flexmark/flexmark-html2md-converter/0.64.8/flexmark-html2md-converter-0.64.8.jar:/Users/jonavillegas/.m2/repository/com/vladsch/flexmark/flexmark-jira-converter/0.64.8/flexmark-jira-converter-0.64.8.jar:/Users/jonavillegas/.m2/repository/com/vladsch/flexmark/flexmark-pdf-converter/0.64.8/flexmark-pdf-converter-0.64.8.jar:/Users/jonavillegas/.m2/repository/com/openhtmltopdf/openhtmltopdf-core/1.0.10/openhtmltopdf-core-1.0.10.jar:/Users/jonavillegas/.m2/repository/com/openhtmltopdf/openhtmltopdf-pdfbox/1.0.10/openhtmltopdf-pdfbox-1.0.10.jar:/Users/jonavillegas/.m2/repository/org/apache/pdfbox/xmpbox/2.0.24/xmpbox-2.0.24.jar:/Users/jonavillegas/.m2/repository/de/rototor/pdfbox/graphics2d/0.32/graphics2d-0.32.jar:/Users/jonavillegas/.m2/repository/com/openhtmltopdf/openhtmltopdf-rtl-support/1.0.10/openhtmltopdf-rtl-support-1.0.10.jar:/Users/jonavillegas/.m2/repository/com/vladsch/flexmark/flexmark-profile-pegdown/0.64.8/flexmark-profile-pegdown-0.64.8.jar:/Users/jonavillegas/.m2/repository/com/vladsch/flexmark/flexmark-util-ast/0.64.8/flexmark-util-ast-0.64.8.jar:/Users/jonavillegas/.m2/repository/org/jetbrains/annotations/24.0.1/annotations-24.0.1.jar:/Users/jonavillegas/.m2/repository/com/vladsch/flexmark/flexmark-util-builder/0.64.8/flexmark-util-builder-0.64.8.jar:/Users/jonavillegas/.m2/repository/com/vladsch/flexmark/flexmark-util-collection/0.64.8/flexmark-util-collection-0.64.8.jar:/Users/jonavillegas/.m2/repository/com/vladsch/flexmark/flexmark-util-data/0.64.8/flexmark-util-data-0.64.8.jar:/Users/jonavillegas/.m2/repository/com/vladsch/flexmark/flexmark-util-dependency/0.64.8/flexmark-util-dependency-0.64.8.jar:/Users/jonavillegas/.m2/repository/com/vladsch/flexmark/flexmark-util-format/0.64.8/flexmark-util-format-0.64.8.jar:/Users/jonavillegas/.m2/repository/com/vladsch/flexmark/flexmark-util-html/0.64.8/flexmark-util-html-0.64.8.jar:/Users/jonavillegas/.m2/repository/com/vladsch/flexmark/flexmark-util-misc/0.64.8/flexmark-util-misc-0.64.8.jar:/Users/jonavillegas/.m2/repository/com/vladsch/flexmark/flexmark-util-options/0.64.8/flexmark-util-options-0.64.8.jar:/Users/jonavillegas/.m2/repository/com/vladsch/flexmark/flexmark-util-sequence/0.64.8/flexmark-util-sequence-0.64.8.jar:/Users/jonavillegas/.m2/repository/com/vladsch/flexmark/flexmark-util-visitor/0.64.8/flexmark-util-visitor-0.64.8.jar:/Users/jonavillegas/.m2/repository/com/vladsch/flexmark/flexmark-youtrack-converter/0.64.8/flexmark-youtrack-converter-0.64.8.jar:/Users/jonavillegas/.m2/repository/com/vladsch/flexmark/flexmark-ext-resizable-image/0.64.8/flexmark-ext-resizable-image-0.64.8.jar:/Users/jonavillegas/.m2/repository/com/vladsch/flexmark/flexmark-ext-tables/0.64.8/flexmark-ext-tables-0.64.8.jar:/Users/jonavillegas/.m2/repository/com/vladsch/flexmark/flexmark-util/0.64.8/flexmark-util-0.64.8.jar:/Users/jonavillegas/.m2/repository/net/serenity-bdd/serenity-reports/4.2.8/serenity-reports-4.2.8.jar:/Users/jonavillegas/.m2/repository/net/serenity-bdd/serenity-stats/4.2.8/serenity-stats-4.2.8.jar:/Users/jonavillegas/.m2/repository/org/jetbrains/kotlin/kotlin-stdlib/2.0.21/kotlin-stdlib-2.0.21.jar:/Users/jonavillegas/.m2/repository/net/serenity-bdd/serenity-reports-configuration/4.2.8/serenity-reports-configuration-4.2.8.jar:/Users/jonavillegas/.m2/repository/com/ibm/icu/icu4j/72.1/icu4j-72.1.jar:/Users/jonavillegas/.m2/repository/es/nitaur/markdown/txtmark/0.16/txtmark-0.16.jar:/Users/jonavillegas/.m2/repository/net/serenity-bdd/serenity-report-resources/4.2.8/serenity-report-resources-4.2.8.jar:/Users/jonavillegas/.m2/repository/com/google/code/gson/gson/2.11.0/gson-2.11.0.jar:/Users/jonavillegas/.m2/repository/com/google/errorprone/error_prone_annotations/2.27.0/error_prone_annotations-2.27.0.jar:/Users/jonavillegas/.m2/repository/com/fasterxml/jackson/core/jackson-core/2.18.1/jackson-core-2.18.1.jar:/Users/jonavillegas/.m2/repository/com/fasterxml/jackson/core/jackson-databind/2.18.1/jackson-databind-2.18.1.jar:/Users/jonavillegas/.m2/repository/com/fasterxml/jackson/core/jackson-annotations/2.18.1/jackson-annotations-2.18.1.jar:/Users/jonavillegas/.m2/repository/commons-codec/commons-codec/1.17.1/commons-codec-1.17.1.jar:/Users/jonavillegas/.m2/repository/commons-io/commons-io/2.17.0/commons-io-2.17.0.jar:/Users/jonavillegas/.m2/repository/org/apache/httpcomponents/httpclient/4.5.13/httpclient-4.5.13.jar:/Users/jonavillegas/.m2/repository/org/apache/httpcomponents/httpcore/4.4.13/httpcore-4.4.13.jar:/Users/jonavillegas/.m2/repository/commons-logging/commons-logging/1.2/commons-logging-1.2.jar:/Users/jonavillegas/.m2/repository/org/htmlunit/htmlunit/4.5.0/htmlunit-4.5.0.jar:/Users/jonavillegas/.m2/repository/org/apache/httpcomponents/httpmime/4.5.14/httpmime-4.5.14.jar:/Users/jonavillegas/.m2/repository/org/htmlunit/htmlunit-core-js/4.5.0/htmlunit-core-js-4.5.0.jar:/Users/jonavillegas/.m2/repository/org/htmlunit/neko-htmlunit/4.5.0/neko-htmlunit-4.5.0.jar:/Users/jonavillegas/.m2/repository/org/htmlunit/htmlunit-cssparser/4.5.0/htmlunit-cssparser-4.5.0.jar:/Users/jonavillegas/.m2/repository/org/htmlunit/htmlunit-xpath/4.5.0/htmlunit-xpath-4.5.0.jar:/Users/jonavillegas/.m2/repository/org/htmlunit/htmlunit-csp/4.5.0/htmlunit-csp-4.5.0.jar:/Users/jonavillegas/.m2/repository/org/htmlunit/htmlunit-websocket-client/4.5.0/htmlunit-websocket-client-4.5.0.jar:/Users/jonavillegas/.m2/repository/org/brotli/dec/0.1.2/dec-0.1.2.jar:/Users/jonavillegas/.m2/repository/org/seleniumhq/selenium/htmlunit3-driver/4.25.0/htmlunit3-driver-4.25.0.jar:/Users/jonavillegas/.m2/repository/io/appium/java-client/9.3.0/java-client-9.3.0.jar:/Users/jonavillegas/.m2/repository/org/apache/groovy/groovy/4.0.23/groovy-4.0.23.jar:/Users/jonavillegas/.m2/repository/net/sf/opencsv/opencsv/2.3/opencsv-2.3.jar:/Users/jonavillegas/.m2/repository/org/apache/commons/commons-lang3/3.17.0/commons-lang3-3.17.0.jar:/Users/jonavillegas/.m2/repository/org/apache/commons/commons-compress/1.27.1/commons-compress-1.27.1.jar:/Users/jonavillegas/.m2/repository/org/fluentlenium/fluentlenium-core/0.10.2/fluentlenium-core-0.10.2.jar:/Users/jonavillegas/.m2/repository/com/jhlabs/filters/2.0.235/filters-2.0.235.jar:/Users/jonavillegas/.m2/repository/com/paulhammant/ngwebdriver/1.2/ngwebdriver-1.2.jar:/Users/jonavillegas/.m2/repository/joda-time/joda-time/2.13.0/joda-time-2.13.0.jar:/Users/jonavillegas/.m2/repository/org/hamcrest/hamcrest/2.2/hamcrest-2.2.jar:/Users/jonavillegas/.m2/repository/com/google/jimfs/jimfs/1.3.0/jimfs-1.3.0.jar:/Users/jonavillegas/.m2/repository/org/mockito/mockito-core/3.3.3/mockito-core-3.3.3.jar:/Users/jonavillegas/.m2/repository/javax/xml/bind/jaxb-api/2.3.1/jaxb-api-2.3.1.jar:/Users/jonavillegas/.m2/repository/javax/activation/javax.activation-api/1.2.0/javax.activation-api-1.2.0.jar:/Users/jonavillegas/.m2/repository/com/sun/xml/bind/jaxb-core/2.3.0.1/jaxb-core-2.3.0.1.jar:/Users/jonavillegas/.m2/repository/com/sun/xml/bind/jaxb-impl/2.3.3/jaxb-impl-2.3.3.jar:/Users/jonavillegas/.m2/repository/com/sun/activation/jakarta.activation/1.2.2/jakarta.activation-1.2.2.jar:/Users/jonavillegas/.m2/repository/javax/activation/activation/1.1.1/activation-1.1.1.jar:/Users/jonavillegas/.m2/repository/net/serenity-bdd/serenity-cucumber/4.2.3/serenity-cucumber-4.2.3.jar:/Users/jonavillegas/.m2/repository/net/serenity-bdd/serenity-screenplay/4.2.3/serenity-screenplay-4.2.3.jar:/Users/jonavillegas/.m2/repository/net/serenity-bdd/serenity-screenplay-webdriver/4.2.3/serenity-screenplay-webdriver-4.2.3.jar:/Users/jonavillegas/.m2/repository/io/cucumber/cucumber-core/7.19.0/cucumber-core-7.19.0.jar:/Users/jonavillegas/.m2/repository/io/cucumber/cucumber-gherkin/7.19.0/cucumber-gherkin-7.19.0.jar:/Users/jonavillegas/.m2/repository/io/cucumber/cucumber-gherkin-messages/7.19.0/cucumber-gherkin-messages-7.19.0.jar:/Users/jonavillegas/.m2/repository/io/cucumber/gherkin/28.0.0/gherkin-28.0.0.jar:/Users/jonavillegas/.m2/repository/io/cucumber/messages/24.1.0/messages-24.1.0.jar:/Users/jonavillegas/.m2/repository/io/cucumber/testng-xml-formatter/0.2.0/testng-xml-formatter-0.2.0.jar:/Users/jonavillegas/.m2/repository/io/cucumber/query/12.2.0/query-12.2.0.jar:/Users/jonavillegas/.m2/repository/io/cucumber/tag-expressions/6.1.0/tag-expressions-6.1.0.jar:/Users/jonavillegas/.m2/repository/io/cucumber/cucumber-expressions/17.1.0/cucumber-expressions-17.1.0.jar:/Users/jonavillegas/.m2/repository/io/cucumber/datatable/7.19.0/datatable-7.19.0.jar:/Users/jonavillegas/.m2/repository/io/cucumber/cucumber-plugin/7.19.0/cucumber-plugin-7.19.0.jar:/Users/jonavillegas/.m2/repository/io/cucumber/docstring/7.19.0/docstring-7.19.0.jar:/Users/jonavillegas/.m2/repository/io/cucumber/html-formatter/21.7.0/html-formatter-21.7.0.jar:/Users/jonavillegas/.m2/repository/io/cucumber/junit-xml-formatter/0.5.0/junit-xml-formatter-0.5.0.jar:/Users/jonavillegas/.m2/repository/io/cucumber/ci-environment/10.0.1/ci-environment-10.0.1.jar:/Users/jonavillegas/.m2/repository/io/cucumber/cucumber-junit/7.19.0/cucumber-junit-7.19.0.jar:/Users/jonavillegas/.m2/repository/org/apache/commons/commons-csv/1.5/commons-csv-1.5.jar:/Users/jonavillegas/.m2/repository/io/cucumber/cucumber-java/6.10.4/cucumber-java-6.10.4.jar:/Users/jonavillegas/.m2/repository/org/apiguardian/apiguardian-api/1.1.1/apiguardian-api-1.1.1.jar:/Users/jonavillegas/.m2/repository/net/serenity-bdd/serenity-junit/4.2.8/serenity-junit-4.2.8.jar:/Users/jonavillegas/.m2/repository/junit/junit/4.13.2/junit-4.13.2.jar:/Users/jonavillegas/.m2/repository/jakarta/xml/bind/jakarta.xml.bind-api/4.0.0/jakarta.xml.bind-api-4.0.0.jar:/Users/jonavillegas/.m2/repository/jakarta/activation/jakarta.activation-api/2.1.0/jakarta.activation-api-2.1.0.jar:/Users/jonavillegas/.m2/repository/org/junit/jupiter/junit-jupiter-api/5.11.3/junit-jupiter-api-5.11.3.jar:/Users/jonavillegas/.m2/repository/org/opentest4j/opentest4j/1.3.0/opentest4j-1.3.0.jar:/Users/jonavillegas/.m2/repository/org/junit/platform/junit-platform-commons/1.11.3/junit-platform-commons-1.11.3.jar:/Users/jonavillegas/.m2/repository/net/sourceforge/tess4j/tess4j/5.4.0/tess4j-5.4.0.jar:/Users/jonavillegas/.m2/repository/net/java/dev/jna/jna/5.12.1/jna-5.12.1.jar:/Users/jonavillegas/.m2/repository/com/github/jai-imageio/jai-imageio-core/1.4.0/jai-imageio-core-1.4.0.jar:/Users/jonavillegas/.m2/repository/org/apache/pdfbox/pdfbox/2.0.26/pdfbox-2.0.26.jar:/Users/jonavillegas/.m2/repository/org/apache/pdfbox/fontbox/2.0.26/fontbox-2.0.26.jar:/Users/jonavillegas/.m2/repository/org/apache/pdfbox/pdfbox-tools/2.0.26/pdfbox-tools-2.0.26.jar:/Users/jonavillegas/.m2/repository/org/apache/pdfbox/pdfbox-debugger/2.0.26/pdfbox-debugger-2.0.26.jar:/Users/jonavillegas/.m2/repository/org/apache/pdfbox/jbig2-imageio/3.0.4/jbig2-imageio-3.0.4.jar:/Users/jonavillegas/.m2/repository/net/sourceforge/lept4j/lept4j/1.16.2/lept4j-1.16.2.jar:/Users/jonavillegas/.m2/repository/org/jboss/jboss-vfs/3.2.17.Final/jboss-vfs-3.2.17.Final.jar:/Users/jonavillegas/.m2/repository/org/jboss/logging/jboss-logging/3.1.4.GA/jboss-logging-3.1.4.GA.jar:/Users/jonavillegas/.m2/repository/org/slf4j/slf4j-api/1.7.36/slf4j-api-1.7.36.jar:/Users/jonavillegas/.m2/repository/org/junit/jupiter/junit-jupiter-engine/5.11.3/junit-jupiter-engine-5.11.3.jar:/Users/jonavillegas/.m2/repository/org/junit/platform/junit-platform-engine/1.11.3/junit-platform-engine-1.11.3.jar:/Users/jonavillegas/.m2/repository/org/junit/vintage/junit-vintage-engine/5.11.3/junit-vintage-engine-5.11.3.jar:/Users/jonavillegas/.m2/repository/org/slf4j/slf4j-simple/2.0.16/slf4j-simple-2.0.16.jar:"/>
    <property name="sun.cpu.endian" value="little"/>
    <property name="allure.results.directory" value="/Users/jonavillegas/Desktop/JonaJona/retoTriangulo/target/allure-results"/>
    <property name="user.home" value="/Users/jonavillegas"/>
    <property name="user.language" value="en"/>
    <property name="java.specification.vendor" value="Oracle Corporation"/>
    <property name="java.version.date" value="2023-04-18"/>
    <property name="java.home" value="/Library/Java/JavaVirtualMachines/jdk-17.jdk/Contents/Home"/>
    <property name="file.separator" value="/"/>
    <property name="basedir" value="/Users/jonavillegas/Desktop/JonaJona/retoTriangulo"/>
    <property name="java.vm.compressedOopsMode" value="Zero based"/>
    <property name="line.separator" value="&#10;"/>
    <property name="java.vm.specification.vendor" value="Oracle Corporation"/>
    <property name="java.specification.name" value="Java Platform API Specification"/>
    <property name="surefire.real.class.path" value="/Users/jonavillegas/Desktop/JonaJona/retoTriangulo/target/surefire/surefirebooter-20250515175924562_3.jar"/>
    <property name="java.protocol.handler.pkgs" value="com.google.common"/>
    <property name="sun.management.compiler" value="HotSpot 64-Bit Tiered Compilers"/>
    <property name="ftp.nonProxyHosts" value="local|*.local|169.254/16|*.169.254/16"/>
    <property name="java.runtime.version" value="17.0.7+8-LTS-224"/>
    <property name="user.name" value="jonavillegas"/>
    <property name="path.separator" value=":"/>
    <property name="os.version" value="14.3.1"/>
    <property name="java.runtime.name" value="Java(TM) SE Runtime Environment"/>
    <property name="file.encoding" value="UTF-8"/>
    <property name="jnidispatch.path" value="/Users/jonavillegas/Library/Caches/JNA/temp/jna15940211326393543710.tmp"/>
    <property name="java.vm.name" value="Java HotSpot(TM) 64-Bit Server VM"/>
    <property name="jna.platform.library.path" value="/usr/lib:/usr/lib"/>
    <property name="localRepository" value="/Users/jonavillegas/.m2/repository"/>
    <property name="jna.loaded" value="true"/>
    <property name="java.vendor.url.bug" value="https://bugreport.java.com/bugreport/"/>
    <property name="java.io.tmpdir" value="/var/folders/gz/r01m1nbj19g6wc3cgq103q9h0000gn/T/"/>
    <property name="idea.version" value="2023.1"/>
    <property name="java.version" value="17.0.7"/>
    <property name="cucumber.filter.tags" value="@triangulo"/>
    <property name="user.dir" value="/Users/jonavillegas/Desktop/JonaJona/retoTriangulo"/>
    <property name="os.arch" value="aarch64"/>
    <property name="java.vm.specification.name" value="Java Virtual Machine Specification"/>
    <property name="native.encoding" value="UTF-8"/>
    <property name="java.library.path" value="/Users/jonavillegas/Library/Java/Extensions:/Library/Java/Extensions:/Network/Library/Java/Extensions:/System/Library/Java/Extensions:/usr/lib/java:."/>
    <property name="java.vm.info" value="mixed mode, sharing"/>
    <property name="java.vendor" value="Oracle Corporation"/>
    <property name="java.vm.version" value="17.0.7+8-LTS-224"/>
    <property name="jna.encoding" value="UTF8"/>
    <property name="sun.io.unicode.encoding" value="UnicodeBig"/>
    <property name="socksNonProxyHosts" value="local|*.local|169.254/16|*.169.254/16"/>
    <property name="java.class.version" value="61.0"/>
  </properties>
  <testcase name="Validar la generación de triangulos #1" classname="El usuario pueda validar el tipo de triangulo." time="9.954">
    <system-out><![CDATA[
@triangulo
Esquema del escenario: Validar la generación de triangulos    &amp#27;[90m# src/test/resources/features/triangulo.feature:14&amp#27;[0m
  &amp#27;[32mDado &amp#27;[0m&amp#27;[32mque el usuario visita la pagina&amp#27;[0m                        &amp#27;[90m# com.example.steps.LoginSteps.abrirPagina()&amp#27;[0m
  &amp#27;[32mCuando &amp#27;[0m&amp#27;[32mel usuario ingresa los campos: &amp#27;[0m&amp#27;[32m&amp#27;[1m"Jona"&amp#27;[0m&amp#27;[32m, &amp#27;[0m&amp#27;[32m&amp#27;[1m"3"&amp#27;[0m&amp#27;[32m, &amp#27;[0m&amp#27;[32m&amp#27;[1m"3"&amp#27;[0m&amp#27;[32m, &amp#27;[0m&amp#27;[32m&amp#27;[1m"3"&amp#27;[0m &amp#27;[90m# com.example.steps.LoginSteps.elUsuarioIngresaLosCampos(java.lang.String,java.lang.String,java.lang.String,java.lang.String)&amp#27;[0m
  &amp#27;[32mY &amp#27;[0m&amp#27;[32mel usuario presiona Check&amp#27;[0m                                 &amp#27;[90m# com.example.steps.LoginSteps.elUsuarioPresionaCheck()&amp#27;[0m
Screenshot completo guardado en: /Users/jonavillegas/Desktop/JonaJona/retoTriangulo/capturas/resultado_completo.png
Usando OCRe
Test the Famous Triangle
Enter three numbers. The numbers will be treated as the dimensions of a triangle.
When you press the "Check" button, the program will display the type of triangle that you specified.
Your name:
equilateral

Side A
Side B
Side C
  &amp#27;[32mEntonces &amp#27;[0m&amp#27;[32mel sistema muestra el triangulo &amp#27;[0m&amp#27;[32m&amp#27;[1m"equilateral"&amp#27;[0m      &amp#27;[90m# com.example.steps.LoginSteps.elSistemaMuestraElTriangulo(java.lang.String)&amp#27;[0m
]]></system-out>
    <system-err><![CDATA[SLF4J: Failed to load class "org.slf4j.impl.StaticLoggerBinder".
SLF4J: Defaulting to no-operation (NOP) logger implementation
SLF4J: See http://www.slf4j.org/codes.html#StaticLoggerBinder for further details.
May 15, 2025 5:59:31 PM org.openqa.selenium.devtools.CdpVersionFinder findNearestMatch
WARNING: Unable to find CDP implementation matching 136
May 15, 2025 5:59:31 PM org.openqa.selenium.chromium.ChromiumDriver lambda$new$5
WARNING: Unable to find version of CDP to use for 136.0.7103.114. You may need to include a dependency on a specific version of the CDP using something similar to `org.seleniumhq.selenium:selenium-devtools-v86:4.25.0` where the version ("v86") matches the version of the chromium-based browser you're using and the version number of the artifact is the same as Selenium's.
]]></system-err>
  </testcase>
  <testcase name="Validar la generación de triangulos #2" classname="El usuario pueda validar el tipo de triangulo." time="8.27">
    <system-out><![CDATA[
@triangulo
Esquema del escenario: Validar la generación de triangulos   &amp#27;[90m# src/test/resources/features/triangulo.feature:15&amp#27;[0m
  &amp#27;[32mDado &amp#27;[0m&amp#27;[32mque el usuario visita la pagina&amp#27;[0m                       &amp#27;[90m# com.example.steps.LoginSteps.abrirPagina()&amp#27;[0m
  &amp#27;[32mCuando &amp#27;[0m&amp#27;[32mel usuario ingresa los campos: &amp#27;[0m&amp#27;[32m&amp#27;[1m"Leo"&amp#27;[0m&amp#27;[32m, &amp#27;[0m&amp#27;[32m&amp#27;[1m"3"&amp#27;[0m&amp#27;[32m, &amp#27;[0m&amp#27;[32m&amp#27;[1m"3"&amp#27;[0m&amp#27;[32m, &amp#27;[0m&amp#27;[32m&amp#27;[1m"5"&amp#27;[0m &amp#27;[90m# com.example.steps.LoginSteps.elUsuarioIngresaLosCampos(java.lang.String,java.lang.String,java.lang.String,java.lang.String)&amp#27;[0m
  &amp#27;[32mY &amp#27;[0m&amp#27;[32mel usuario presiona Check&amp#27;[0m                                &amp#27;[90m# com.example.steps.LoginSteps.elUsuarioPresionaCheck()&amp#27;[0m
Screenshot completo guardado en: /Users/jonavillegas/Desktop/JonaJona/retoTriangulo/capturas/resultado_completo.png
Usando OCRe
Test the Famous Triangle
Enter three numbers. The numbers will be treated as the dimensions of a triangle.
When you press the "Check" button, the program will display the type of triangle that you specified.
Your name:
isosceles

Side A
Side B
sideC5
  &amp#27;[32mEntonces &amp#27;[0m&amp#27;[32mel sistema muestra el triangulo &amp#27;[0m&amp#27;[32m&amp#27;[1m"Isosceles"&amp#27;[0m       &amp#27;[90m# com.example.steps.LoginSteps.elSistemaMuestraElTriangulo(java.lang.String)&amp#27;[0m
]]></system-out>
    <system-err><![CDATA[May 15, 2025 5:59:40 PM org.openqa.selenium.devtools.CdpVersionFinder findNearestMatch
WARNING: Unable to find CDP implementation matching 136
May 15, 2025 5:59:40 PM org.openqa.selenium.chromium.ChromiumDriver lambda$new$5
WARNING: Unable to find version of CDP to use for 136.0.7103.114. You may need to include a dependency on a specific version of the CDP using something similar to `org.seleniumhq.selenium:selenium-devtools-v86:4.25.0` where the version ("v86") matches the version of the chromium-based browser you're using and the version number of the artifact is the same as Selenium's.
]]></system-err>
  </testcase>
  <testcase name="Validar la generación de triangulos #3" classname="El usuario pueda validar el tipo de triangulo." time="8.1">
    <system-out><![CDATA[
@triangulo
Esquema del escenario: Validar la generación de triangulos       &amp#27;[90m# src/test/resources/features/triangulo.feature:16&amp#27;[0m
  &amp#27;[32mDado &amp#27;[0m&amp#27;[32mque el usuario visita la pagina&amp#27;[0m                           &amp#27;[90m# com.example.steps.LoginSteps.abrirPagina()&amp#27;[0m
  &amp#27;[32mCuando &amp#27;[0m&amp#27;[32mel usuario ingresa los campos: &amp#27;[0m&amp#27;[32m&amp#27;[1m"Joaquin"&amp#27;[0m&amp#27;[32m, &amp#27;[0m&amp#27;[32m&amp#27;[1m"3"&amp#27;[0m&amp#27;[32m, &amp#27;[0m&amp#27;[32m&amp#27;[1m"4"&amp#27;[0m&amp#27;[32m, &amp#27;[0m&amp#27;[32m&amp#27;[1m"5"&amp#27;[0m &amp#27;[90m# com.example.steps.LoginSteps.elUsuarioIngresaLosCampos(java.lang.String,java.lang.String,java.lang.String,java.lang.String)&amp#27;[0m
  &amp#27;[32mY &amp#27;[0m&amp#27;[32mel usuario presiona Check&amp#27;[0m                                    &amp#27;[90m# com.example.steps.LoginSteps.elUsuarioPresionaCheck()&amp#27;[0m
Screenshot completo guardado en: /Users/jonavillegas/Desktop/JonaJona/retoTriangulo/capturas/resultado_completo.png
Usando OCRe
Test the Famous Triangle
Enter three numbers. The numbers will be treated as the dimensions of a triangle.
When you press the "Check" button, the program will display the type of triangle that you specified.
Your name:
scalene

Side A
SideB@
Side C
  &amp#27;[32mEntonces &amp#27;[0m&amp#27;[32mel sistema muestra el triangulo &amp#27;[0m&amp#27;[32m&amp#27;[1m"scalene"&amp#27;[0m             &amp#27;[90m# com.example.steps.LoginSteps.elSistemaMuestraElTriangulo(java.lang.String)&amp#27;[0m
]]></system-out>
    <system-err><![CDATA[May 15, 2025 5:59:49 PM org.openqa.selenium.devtools.CdpVersionFinder findNearestMatch
WARNING: Unable to find CDP implementation matching 136
May 15, 2025 5:59:49 PM org.openqa.selenium.chromium.ChromiumDriver lambda$new$5
WARNING: Unable to find version of CDP to use for 136.0.7103.114. You may need to include a dependency on a specific version of the CDP using something similar to `org.seleniumhq.selenium:selenium-devtools-v86:4.25.0` where the version ("v86") matches the version of the chromium-based browser you're using and the version number of the artifact is the same as Selenium's.
]]></system-err>
  </testcase>
  <testcase name="Validar la generación de triangulos #4" classname="El usuario pueda validar el tipo de triangulo." time="8.158">
    <system-out><![CDATA[
@triangulo
Esquema del escenario: Validar la generación de triangulos      &amp#27;[90m# src/test/resources/features/triangulo.feature:17&amp#27;[0m
  &amp#27;[32mDado &amp#27;[0m&amp#27;[32mque el usuario visita la pagina&amp#27;[0m                          &amp#27;[90m# com.example.steps.LoginSteps.abrirPagina()&amp#27;[0m
  &amp#27;[32mCuando &amp#27;[0m&amp#27;[32mel usuario ingresa los campos: &amp#27;[0m&amp#27;[32m&amp#27;[1m"Nati"&amp#27;[0m&amp#27;[32m, &amp#27;[0m&amp#27;[32m&amp#27;[1m"3"&amp#27;[0m&amp#27;[32m, &amp#27;[0m&amp#27;[32m&amp#27;[1m"5"&amp#27;[0m&amp#27;[32m, &amp#27;[0m&amp#27;[32m&amp#27;[1m"1.3"&amp#27;[0m &amp#27;[90m# com.example.steps.LoginSteps.elUsuarioIngresaLosCampos(java.lang.String,java.lang.String,java.lang.String,java.lang.String)&amp#27;[0m
  &amp#27;[32mY &amp#27;[0m&amp#27;[32mel usuario presiona Check&amp#27;[0m                                   &amp#27;[90m# com.example.steps.LoginSteps.elUsuarioPresionaCheck()&amp#27;[0m
Screenshot completo guardado en: /Users/jonavillegas/Desktop/JonaJona/retoTriangulo/capturas/resultado_completo.png
Usando OCRe
Test the Famous Triangle
Enter three numbers. The numbers will be treated as the dimensions of a triangle.
When you press the "Check" button, the program will display the type of triangle that you specified.
Your name:
Not a triangle

Side A
SideB6
Side C
  &amp#27;[32mEntonces &amp#27;[0m&amp#27;[32mel sistema muestra el triangulo &amp#27;[0m&amp#27;[32m&amp#27;[1m"Not a triangle"&amp#27;[0m     &amp#27;[90m# com.example.steps.LoginSteps.elSistemaMuestraElTriangulo(java.lang.String)&amp#27;[0m
]]></system-out>
    <system-err><![CDATA[May 15, 2025 5:59:57 PM org.openqa.selenium.devtools.CdpVersionFinder findNearestMatch
WARNING: Unable to find CDP implementation matching 136
May 15, 2025 5:59:57 PM org.openqa.selenium.chromium.ChromiumDriver lambda$new$5
WARNING: Unable to find version of CDP to use for 136.0.7103.114. You may need to include a dependency on a specific version of the CDP using something similar to `org.seleniumhq.selenium:selenium-devtools-v86:4.25.0` where the version ("v86") matches the version of the chromium-based browser you're using and the version number of the artifact is the same as Selenium's.
]]></system-err>
  </testcase>
</testsuite>